<?xml version="1.0" encoding="UTF-8"?>
<!-- Generated by org.testng.reporters.JUnitReportReporter -->
<testsuite hostname="shah4corp" failures="0" tests="2" name="com.inetBanking.testCases.TC_LoginTest_001" time="19.091" errors="0" timestamp="2024-08-25T12:00:49 IST" skipped="0">
  <testcase classname="com.inetBanking.testCases.TC_LoginTest_001" name="loginTest" time="12.681"/>
  <testcase classname="com.inetBanking.testCases.TC_LoginTest_001" name="loginTest" time="6.410"/>
</testsuite> <!-- com.inetBanking.testCases.TC_LoginTest_001 -->
