<?xml version="1.0" encoding="UTF-8"?>
<!-- Generated by org.testng.reporters.JUnitReportReporter -->
<testsuite hostname="shah4corp" failures="0" tests="1" name="com.inetBanking.testCases.TC_LoginTest_001" time="8.012" errors="0" timestamp="2024-08-14T22:06:25 IST" skipped="0">
  <testcase classname="com.inetBanking.testCases.TC_LoginTest_001" name="loginTest" time="8.012"/>
</testsuite> <!-- com.inetBanking.testCases.TC_LoginTest_001 -->
