<?xml version="1.0" encoding="UTF-8"?>
<!-- Generated by org.testng.reporters.JUnitReportReporter -->
<testsuite hostname="shah4corp" failures="0" tests="1" name="com.inetBanking.testCases.TC_AddCustomerTest_003" time="31.430" errors="0" timestamp="2024-08-11T09:53:06 IST" skipped="0">
  <testcase classname="com.inetBanking.testCases.TC_AddCustomerTest_003" name="addNewCustomer" time="31.430"/>
</testsuite> <!-- com.inetBanking.testCases.TC_AddCustomerTest_003 -->
