<?xml version="1.0" encoding="UTF-8"?>
<!-- Generated by org.testng.reporters.JUnitReportReporter -->
<testsuite hostname="shah4corp" failures="0" tests="2" name="com.inetBanking.testCases.TC_LoginTest_001" time="9.591" errors="0" timestamp="2024-08-24T20:48:24 IST" skipped="0">
  <testcase classname="com.inetBanking.testCases.TC_LoginTest_001" name="loginTest" time="5.788"/>
  <testcase classname="com.inetBanking.testCases.TC_LoginTest_001" name="loginTest" time="3.803"/>
</testsuite> <!-- com.inetBanking.testCases.TC_LoginTest_001 -->
