<?xml version="1.0" encoding="UTF-8"?>
<!-- Generated by org.testng.reporters.JUnitReportReporter -->
<testsuite hostname="shah4corp" failures="0" tests="2" name="com.inetBanking.testCases.TC_LoginTest_001" time="9.950" errors="0" timestamp="2024-08-26T21:37:56 IST" skipped="0">
  <testcase classname="com.inetBanking.testCases.TC_LoginTest_001" name="loginTest" time="6.199"/>
  <testcase classname="com.inetBanking.testCases.TC_LoginTest_001" name="loginTest" time="3.751"/>
</testsuite> <!-- com.inetBanking.testCases.TC_LoginTest_001 -->
