<?xml version="1.0" encoding="UTF-8"?>
<!-- Generated by org.testng.reporters.JUnitReportReporter -->
<testsuite hostname="shah4corp" failures="0" tests="1" name="com.inetbanking2.testData.Sun1105Demo" time="8.782" errors="0" timestamp="2024-08-08T21:41:10 IST" skipped="0">
  <testcase classname="com.inetbanking2.testData.Sun1105Demo" name="test" time="8.782"/>
</testsuite> <!-- com.inetbanking2.testData.Sun1105Demo -->
