<?xml version="1.0" encoding="UTF-8"?>
<!-- Generated by org.testng.reporters.JUnitReportReporter -->
<testsuite hostname="shah4corp" failures="0" tests="1" name="com.inetBanking.testCases.TC_LoginTest_001" time="8.589" errors="0" timestamp="2024-08-12T22:57:38 IST" skipped="0">
  <testcase classname="com.inetBanking.testCases.TC_LoginTest_001" name="loginTest" time="8.589"/>
</testsuite> <!-- com.inetBanking.testCases.TC_LoginTest_001 -->
