<?xml version="1.0" encoding="UTF-8"?>
<!-- Generated by org.testng.reporters.JUnitReportReporter -->
<testsuite hostname="shah4corp" failures="0" tests="1" name="com.inetBanking.testCases.BaseClass" time="0.027" errors="0" timestamp="2024-08-04T17:02:51 IST" skipped="0">
  <testcase classname="com.inetBanking.testCases.BaseClass" name="test" time="0.027"/>
</testsuite> <!-- com.inetBanking.testCases.BaseClass -->
